C51 COMPILER V9.54   MAIN                                                                  03/22/2025 17:12:59 PAGE 1   


C51 COMPILER V9.54, COMPILATION OF MODULE MAIN
OBJECT MODULE PLACED IN .\Objects\main.obj
COMPILER INVOKED BY: D:\software\develop\Keil_v\C51\BIN\C51.EXE main.c OPTIMIZE(8,SPEED) BROWSE DEBUG OBJECTEXTEND PRINT
                    -(.\Listings\main.lst) TABS(2) OBJECT(.\Objects\main.obj)

line level    source

   1          #include <REGX52.H>
   2          #include "Delay.h"
   3          #include "LCD1602.h"
   4          #include "MatrixKey.h"
   5          
   6          unsigned char key=0;
   7          unsigned int Password=0,count=0;
   8          void main()
   9          {
  10   1        LCD_init();
*** WARNING C206 IN LINE 10 OF main.c: 'LCD_init': missing function-prototype
  11   1        LCD_ShowNum(2,1,Password,4);
  12   1        LCD_ShowString(1,1,"Password:");
  13   1        while(1)
  14   1        {
  15   2          key = MatrixKey();
  16   2          if(key)
  17   2          {
  18   3            LCD_ShowString(1,14,"   "); //当重新输入密码的时候清除OK和ERR
  19   3            if(key<=10)
  20   3            {
  21   4              //四位密码，count用来计数
  22   4              if(count < 4)
  23   4              {
  24   5                key%=10;//将10转换为0
  25   5                Password*=10;
  26   5                Password+=key;
  27   5                count++;
  28   5              }
  29   4            }
  30   3            //确认按钮
  31   3            if(key == 11)
  32   3            {
  33   4              if(Password == 5555 && count == 4)
  34   4              {
  35   5                LCD_ShowString(1,14,"OK ");
  36   5                Password=0,count=0;
  37   5              }
  38   4              else
  39   4              {
  40   5                LCD_ShowString(1,14,"ERR");
  41   5                Password=0,count=0;
  42   5              }
  43   4            }
  44   3            if(key == 12) //back
  45   3            {
  46   4              if(count >0)
  47   4              {
  48   5                Password /= 10;
  49   5                count --;
  50   5              }
  51   4            }
  52   3            LCD_ShowNum(2,1,Password,4);
  53   3            key=0;
C51 COMPILER V9.54   MAIN                                                                  03/22/2025 17:12:59 PAGE 2   

  54   3          }
  55   2        }
  56   1      }


MODULE INFORMATION:   STATIC OVERLAYABLE
   CODE SIZE        =    226    ----
   CONSTANT SIZE    =     22    ----
   XDATA SIZE       =   ----    ----
   PDATA SIZE       =   ----    ----
   DATA SIZE        =      5    ----
   IDATA SIZE       =   ----    ----
   BIT SIZE         =   ----    ----
END OF MODULE INFORMATION.


C51 COMPILATION COMPLETE.  1 WARNING(S),  0 ERROR(S)
