C51 COMPILER V9.54   IIC                                                                   04/02/2025 12:31:46 PAGE 1   


C51 COMPILER V9.54, COMPILATION OF MODULE IIC
OBJECT MODULE PLACED IN .\Objects\IIC.obj
COMPILER INVOKED BY: D:\software\develop\Keil_v\C51\BIN\C51.EXE IIC.c OPTIMIZE(8,SPEED) BROWSE DEBUG OBJECTEXTEND PRINT(
                    -.\Listings\IIC.lst) OBJECT(.\Objects\IIC.obj)

line level    source

   1          #include <REGX52.H>
   2          
   3          sbit I2C_SCL = P2^1;
   4          sbit I2C_SDA = P2^0;
   5          
   6          /**
   7            * @brief      I2C开始
   8            * @param      无
   9            * @retval     无
  10          */
  11          void I2C_Start()
  12          {
  13   1              I2C_SDA = 1;
  14   1              I2C_SCL = 1;
  15   1              I2C_SDA = 0;
  16   1              I2C_SCL = 0;
  17   1      }
  18          /**
  19            * @brief      I2C停止
  20            * @param      无
  21            * @retval     无
  22          */
  23          void I2C_Stop()
  24          {
  25   1              I2C_SDA = 0;
  26   1              I2C_SCL = 1;
  27   1              I2C_SDA = 1;
  28   1      }
  29          /**
  30            * @brief      I2C发送一个字节
  31            * @param      byte：要发送的字节
  32            * @retval     无
  33          */
  34          void I2C_SendByte(unsigned char byte)
  35          {
  36   1              unsigned int i=0;
  37   1              for(i = 0;i < 8;i++)
  38   1              {
  39   2                      I2C_SDA = byte&(0x80>>i);
  40   2                      I2C_SCL = 1;
  41   2                      I2C_SCL = 0;
  42   2              }
  43   1      }
  44          
  45          /**
  46            * @brief      I2C接收一个字节
  47            * @param      无
  48            * @retval     接收到的字节
  49          */
  50          unsigned char I2C_ReceiveByte(void)
  51          {
  52   1              unsigned int i=0;
  53   1              unsigned char byte = 0x00;
  54   1              I2C_SDA = 1;
C51 COMPILER V9.54   IIC                                                                   04/02/2025 12:31:46 PAGE 2   

  55   1              for(i = 0;i < 8;i++)
  56   1              {
  57   2                      I2C_SCL = 1;
  58   2                      if(I2C_SDA)
  59   2                      {
  60   3                              byte |= (0x80 >> i);//接收
  61   3                      }
  62   2                      I2C_SCL = 0;
  63   2              }
  64   1              return byte;
  65   1      }
  66          /**
  67            * @brief      I2C发送应答
  68            * @param      Ackbit:发送的应答值(0或1)
  69            * @retval     无
  70          */
  71          void I2C_SendACK(unsigned char Ackbit)
  72          {
  73   1              I2C_SDA = Ackbit;
  74   1              I2C_SCL = 1;
  75   1              I2C_SCL = 0;
  76   1      }
  77          /**
  78            * @brief      I2C接收应答
  79            * @param      无
  80            * @retval     接收到的应答值 
  81          */
  82          unsigned char I2C_ReceiveACK()
  83          {
  84   1              unsigned char AckBit = 0x00;
  85   1              I2C_SDA = 1;
  86   1              I2C_SCL = 1;
  87   1              AckBit = I2C_SDA;
  88   1              I2C_SCL = 0;
  89   1              return AckBit;
  90   1      }


MODULE INFORMATION:   STATIC OVERLAYABLE
   CODE SIZE        =    129    ----
   CONSTANT SIZE    =   ----    ----
   XDATA SIZE       =   ----    ----
   PDATA SIZE       =   ----    ----
   DATA SIZE        =   ----    ----
   IDATA SIZE       =   ----    ----
   BIT SIZE         =   ----    ----
END OF MODULE INFORMATION.


C51 COMPILATION COMPLETE.  0 WARNING(S),  0 ERROR(S)
