C51 COMPILER V9.54   KEY                                                                   04/02/2025 12:37:00 PAGE 1   


C51 COMPILER V9.54, COMPILATION OF MODULE KEY
OBJECT MODULE PLACED IN .\Objects\Key.obj
COMPILER INVOKED BY: D:\software\develop\Keil_v\C51\BIN\C51.EXE Key.c OPTIMIZE(8,SPEED) BROWSE DEBUG OBJECTEXTEND PRINT(
                    -.\Listings\Key.lst) OBJECT(.\Objects\Key.obj)

line level    source

   1          #include <REGX52.H>
   2          #include "Delay.H"
   3          unsigned char Key_KeyNumber;
   4          
   5          unsigned char Key(void)
   6          {
   7   1              unsigned char temp = 0;
   8   1              temp = Key_KeyNumber;
   9   1              Key_KeyNumber = 0;
  10   1              return temp;
  11   1      }
  12          
  13          unsigned char Key_GetState()
  14          {
  15   1              unsigned char KeyNumber = 0;
  16   1              if(P3_1 == 0)
  17   1              {
  18   2                      KeyNumber=1;
  19   2              }
  20   1              if(P3_0 == 0)
  21   1              {
  22   2                      KeyNumber=2;
  23   2              }
  24   1              if(P3_2 == 0)
  25   1              {
  26   2                      KeyNumber=3;
  27   2              }
  28   1              if(P3_3 == 0)
  29   1              {
  30   2                      KeyNumber=4;
  31   2              }
  32   1              return KeyNumber;
  33   1      }
  34          
  35          void Key_Loop()
  36          {
  37   1              static unsigned char nowState,lastState;
  38   1              lastState = nowState;
  39   1              nowState = Key_GetState();
  40   1              if(lastState == 1 && nowState == 0)
  41   1              {
  42   2                      Key_KeyNumber = 1;
  43   2              }
  44   1              if(lastState == 2 && nowState == 0)
  45   1              {
  46   2                      Key_KeyNumber = 2;
  47   2              }
  48   1              if(lastState == 3 && nowState == 0)
  49   1              {
  50   2                      Key_KeyNumber = 3;
  51   2              }
  52   1              if(lastState == 4 && nowState == 0)
  53   1              {
  54   2                      Key_KeyNumber = 4;
C51 COMPILER V9.54   KEY                                                                   04/02/2025 12:37:00 PAGE 2   

  55   2              }
  56   1      }


MODULE INFORMATION:   STATIC OVERLAYABLE
   CODE SIZE        =     85    ----
   CONSTANT SIZE    =   ----    ----
   XDATA SIZE       =   ----    ----
   PDATA SIZE       =   ----    ----
   DATA SIZE        =      3    ----
   IDATA SIZE       =   ----    ----
   BIT SIZE         =   ----    ----
END OF MODULE INFORMATION.


C51 COMPILATION COMPLETE.  0 WARNING(S),  0 ERROR(S)
