C51 COMPILER V9.54   MAIN                                                                  04/02/2025 12:34:08 PAGE 1   


C51 COMPILER V9.54, COMPILATION OF MODULE MAIN
OBJECT MODULE PLACED IN .\Objects\main.obj
COMPILER INVOKED BY: D:\software\develop\Keil_v\C51\BIN\C51.EXE main.c OPTIMIZE(8,SPEED) BROWSE DEBUG OBJECTEXTEND PRINT
                    -(.\Listings\main.lst) OBJECT(.\Objects\main.obj)

line level    source

   1          #include <REGX52.H>
   2          #include "Key.h"
   3          #include "Timer0.h"
   4          #include "Nixie.h"
   5          #include "Delay.h"
   6          #include "AT24C02.h"
   7          
   8          unsigned char keyNumber = 0;
   9          unsigned char min,sec,miniSec;
  10          unsigned char flag = 0;
  11          
  12          void Sec_Loop()
  13          {
  14   1              if(flag)
  15   1              {
  16   2                      miniSec++;
  17   2                      if(miniSec == 100)
  18   2                      {
  19   3                              miniSec = 0;
  20   3                              sec++;
  21   3                              if(sec == 60)
  22   3                              {
  23   4                                      sec = 0;
  24   4                                      min++;
  25   4                                      if(min == 60)
  26   4                                      {
  27   5                                              min = 0;
  28   5                                      }
  29   4                              }
  30   3                      }
  31   2              }
  32   1              
  33   1      }
  34          
  35          void main()
  36          {
  37   1              Timer0_Init();
  38   1              while(1)
  39   1              {
  40   2                      keyNumber = Key();
  41   2                      if(keyNumber == 1)
  42   2                      {
  43   3                              flag = !flag;
  44   3                      }
  45   2                      if(keyNumber == 2)
  46   2                      {
  47   3                              min = 0;
  48   3                              sec = 0;
  49   3                              miniSec = 0;
  50   3                      }
  51   2                      if(keyNumber == 3)
  52   2                      {
  53   3                              AT24C02_WriteByte(1,min);
  54   3                              Delay1ms(5);
C51 COMPILER V9.54   MAIN                                                                  04/02/2025 12:34:08 PAGE 2   

  55   3                              AT24C02_WriteByte(2,sec);
  56   3                              Delay1ms(5);
  57   3                              AT24C02_WriteByte(3,miniSec);
  58   3                      }
  59   2                      if(keyNumber == 4)
  60   2                      {
  61   3                              min = AT24C02_ReadByte(1);
  62   3                              sec = AT24C02_ReadByte(2);
  63   3                              miniSec = AT24C02_ReadByte(3);
  64   3                      }
  65   2                      
  66   2                      Nixie_SetBuf(1,min / 10);
  67   2                      Nixie_SetBuf(2,min % 10);
  68   2                            
  69   2                      Nixie_SetBuf(3,11);
  70   2                            
  71   2                      Nixie_SetBuf(4,sec / 10);
  72   2                      Nixie_SetBuf(5,sec % 10);
  73   2                      
  74   2                      Nixie_SetBuf(6,11);
  75   2                      
  76   2                      Nixie_SetBuf(7,miniSec / 10);
  77   2                      Nixie_SetBuf(8,miniSec % 10);
  78   2                      
  79   2              }
  80   1      }
  81          
  82          void Timer0_routine() interrupt 1
  83          {
  84   1              static unsigned int T0Count1,T0Count2,T0Count3;
  85   1              TL0 = 0x18;             //设置定时初值
  86   1              TH0 = 0xFC;             //设置定时初值
  87   1              T0Count1++;
  88   1              if(T0Count1 >= 20)
  89   1              {
  90   2                      T0Count1 = 0;
  91   2                      Key_Loop();
  92   2              }       
  93   1              T0Count2++;
  94   1              if(T0Count2 >= 2)
  95   1              {
  96   2                      T0Count2 = 0;
  97   2                      Nixie_Loop();
  98   2              }       
  99   1              T0Count3++;
 100   1              if(T0Count3 >= 10)
 101   1              {
 102   2                      T0Count3 = 0;
 103   2                      Sec_Loop();
 104   2              }
 105   1      }


MODULE INFORMATION:   STATIC OVERLAYABLE
   CODE SIZE        =    399    ----
   CONSTANT SIZE    =   ----    ----
   XDATA SIZE       =   ----    ----
   PDATA SIZE       =   ----    ----
   DATA SIZE        =     11    ----
   IDATA SIZE       =   ----    ----
   BIT SIZE         =   ----    ----
END OF MODULE INFORMATION.

C51 COMPILER V9.54   MAIN                                                                  04/02/2025 12:34:08 PAGE 3   


C51 COMPILATION COMPLETE.  0 WARNING(S),  0 ERROR(S)
