C51 COMPILER V9.54   MAIN                                                                  03/24/2025 22:03:22 PAGE 1   


C51 COMPILER V9.54, COMPILATION OF MODULE MAIN
OBJECT MODULE PLACED IN .\Objects\main.obj
COMPILER INVOKED BY: D:\software\develop\Keil_v\C51\BIN\C51.EXE main.c OPTIMIZE(8,SPEED) BROWSE DEBUG OBJECTEXTEND PRINT
                    -(.\Listings\main.lst) OBJECT(.\Objects\main.obj)

line level    source

   1          #include <REGX52.H>
   2          #include "Delay.h"
   3          #include "Timer0.h"
   4          #include "UART.h"
   5          
   6          
   7          unsigned char p = 0;
   8          void UART_Routine(void) interrupt 4 
   9          {
  10   1              if(RI == 1)
  11   1              {
  12   2                      p = ~SBUF;
  13   2                      UART_Send(SBUF);
  14   2                      RI = 0;
  15   2                      P2 = p;
  16   2              }               //是接收产生的中断
  17   1      }
  18          
  19          void main()
  20          {
  21   1              UART_Init();
  22   1              while(1)
  23   1              {
  24   2                      Delay1ms(1000);
  25   2              }
  26   1      }


MODULE INFORMATION:   STATIC OVERLAYABLE
   CODE SIZE        =     86    ----
   CONSTANT SIZE    =   ----    ----
   XDATA SIZE       =   ----    ----
   PDATA SIZE       =   ----    ----
   DATA SIZE        =      1    ----
   IDATA SIZE       =   ----    ----
   BIT SIZE         =   ----    ----
END OF MODULE INFORMATION.


C51 COMPILATION COMPLETE.  0 WARNING(S),  0 ERROR(S)
