C51 COMPILER V9.54   UART                                                                  03/24/2025 21:40:53 PAGE 1   


C51 COMPILER V9.54, COMPILATION OF MODULE UART
OBJECT MODULE PLACED IN .\Objects\UART.obj
COMPILER INVOKED BY: D:\software\develop\Keil_v\C51\BIN\C51.EXE UART.c OPTIMIZE(8,SPEED) BROWSE DEBUG OBJECTEXTEND PRINT
                    -(.\Listings\UART.lst) OBJECT(.\Objects\UART.obj)

line level    source

   1          #include <REGX52.H>
   2          /**
   3            * @brief  UART(通信异步接收器/发送器)初始化
   4            * @param  无
   5            * @retval  无
   6          */
   7          void UART_Init(void)            //4800bps@11.0592MHz
   8          {
   9   1              SCON = 0x50;            //8位数据,可变波特率
  10   1              PCON |= 0x80;           //使能波特率倍速位SMOD
  11   1              TMOD &= 0x0F;           //清除定时器1模式位
  12   1              TMOD |= 0x20;           //设定定时器1为8位自动重装方式
  13   1              TL1 = 0xF4;             //设定定时初值
  14   1              TH1 = 0xF4;             //设定定时器重装值
  15   1              ET1 = 0;                //禁止定时器1中断
  16   1              TR1 = 1;                //启动定时器1
  17   1              EA = 1;                 //
  18   1              ES = 1;                 //
  19   1      }
  20          
  21          /**
  22            * @brief  串口发送一个数据
  23            * @param  要发送的数据
  24            * @retval  无
  25          */
  26          void UART_Send(unsigned char message)
  27          {
  28   1              SBUF = message;
  29   1              while(TI == 0);
  30   1              TI = 0;
  31   1      }


MODULE INFORMATION:   STATIC OVERLAYABLE
   CODE SIZE        =     35    ----
   CONSTANT SIZE    =   ----    ----
   XDATA SIZE       =   ----    ----
   PDATA SIZE       =   ----    ----
   DATA SIZE        =   ----    ----
   IDATA SIZE       =   ----    ----
   BIT SIZE         =   ----    ----
END OF MODULE INFORMATION.


C51 COMPILATION COMPLETE.  0 WARNING(S),  0 ERROR(S)
