C51 COMPILER V9.54   MAIN                                                                  03/22/2025 21:53:47 PAGE 1   


C51 COMPILER V9.54, COMPILATION OF MODULE MAIN
OBJECT MODULE PLACED IN .\Objects\main.obj
COMPILER INVOKED BY: D:\software\develop\Keil_v\C51\BIN\C51.EXE main.c OPTIMIZE(8,SPEED) BROWSE DEBUG OBJECTEXTEND PRINT
                    -(.\Listings\main.lst) OBJECT(.\Objects\main.obj)

line level    source

   1          #include <REGX52.H>
   2          #include "Timer0.h"
   3          #include "Key.h"
   4          
   5          unsigned char LEDNumber = 0;
   6          unsigned char KeyNum, LEDMode = 1; // 初始化模式为1
   7          
   8          void main() {
   9   1          Timer0Init();
  10   1          while (1) {
  11   2              KeyNum = Key();
  12   2              if (KeyNum == 1 || KeyNum == 2) { // 仅处理按键1和2
  13   3                  LEDMode = KeyNum;
  14   3              }
  15   2          }
  16   1      }
  17          
  18          void Timer0_routine() interrupt 1 {
  19   1          static unsigned int T0Count;
  20   1          TL0 = 0x18;     // 定时初值（1ms中断一次）
  21   1          TH0 = 0xFC;
  22   1          T0Count++;
  23   1          if (T0Count >= 200) {  // 每200ms更新一次LED
  24   2              T0Count = 0;
  25   2              if (LEDMode == 2) {
  26   3                  LEDNumber = (LEDNumber + 1) % 8; // 正向流水
  27   3              } else if (LEDMode == 1) {
  28   3                  LEDNumber = (LEDNumber - 1 + 8) % 8; // 反向流水
  29   3              }
  30   2              P2 = ~(0x01 << LEDNumber); // 单灯流水效果
  31   2          }
  32   1      }


MODULE INFORMATION:   STATIC OVERLAYABLE
   CODE SIZE        =    112    ----
   CONSTANT SIZE    =   ----    ----
   XDATA SIZE       =   ----    ----
   PDATA SIZE       =   ----    ----
   DATA SIZE        =      5    ----
   IDATA SIZE       =   ----    ----
   BIT SIZE         =   ----    ----
END OF MODULE INFORMATION.


C51 COMPILATION COMPLETE.  0 WARNING(S),  0 ERROR(S)
