C51 COMPILER V9.54   TIMER0                                                                03/22/2025 21:12:45 PAGE 1   


C51 COMPILER V9.54, COMPILATION OF MODULE TIMER0
OBJECT MODULE PLACED IN .\Objects\Timer0.obj
COMPILER INVOKED BY: D:\software\develop\Keil_v\C51\BIN\C51.EXE Timer0.c OPTIMIZE(8,SPEED) BROWSE DEBUG OBJECTEXTEND PRI
                    -NT(.\Listings\Timer0.lst) OBJECT(.\Objects\Timer0.obj)

line level    source

   1          #include <REGX52.H>
   2          
   3          /**
   4            * @brief  定时器0初始化
   5            * @param  无
   6            * @retval  无
   7          */
   8          void Timer0Init(void)           //1毫秒@12.000MHz
   9          {
  10   1              TMOD &= 0xF0;           //设置定时器模式
  11   1              TMOD |= 0x01;           //设置定时器模式
  12   1              TL0 = 0x18;             //设置定时初值
  13   1              TH0 = 0xFC;             //设置定时初值
  14   1              TF0 = 0;                //清除TF0标志
  15   1              TR0 = 1;                //定时器0开始计时
  16   1              ET0=1;                  //允许中断
  17   1              EA=1;                   //允许总中断
  18   1              PT0=0;                  //设置中断优先级
  19   1      }
  20          
  21          
  22          //定时器中断函数模板
  23          /*
  24          void Timer0_routine() interrupt 1
  25          {
  26                  static unsigned int T0Count;
  27                  TL0 = 0x18;             //设置定时初值
  28                  TH0 = 0xFC;             //设置定时初值
  29                  T0Count++;
  30                  if(T0Count>=1000)
  31                  {
  32                          T0Count=0;
  33          
  34                  }       
  35          }
  36          */


MODULE INFORMATION:   STATIC OVERLAYABLE
   CODE SIZE        =     23    ----
   CONSTANT SIZE    =   ----    ----
   XDATA SIZE       =   ----    ----
   PDATA SIZE       =   ----    ----
   DATA SIZE        =   ----    ----
   IDATA SIZE       =   ----    ----
   BIT SIZE         =   ----    ----
END OF MODULE INFORMATION.


C51 COMPILATION COMPLETE.  0 WARNING(S),  0 ERROR(S)
